[debug] [2022-06-10T14:29:12.910Z] ----------------------------------------------------------------------
[debug] [2022-06-10T14:29:12.911Z] Command:       C:\Program Files\nodejs\node.exe C:\Users\USER\AppData\Roaming\npm\node_modules\firebase-tools\lib\bin\firebase.js deploy
[debug] [2022-06-10T14:29:12.912Z] CLI Version:   11.0.0
[debug] [2022-06-10T14:29:12.912Z] Platform:      win32
[debug] [2022-06-10T14:29:12.912Z] Node Version:  v16.15.0
[debug] [2022-06-10T14:29:12.913Z] Time:          Fri Jun 10 2022 19:29:12 GMT+0500 (Pakistan Standard Time)
[debug] [2022-06-10T14:29:12.913Z] ----------------------------------------------------------------------
[debug] 
[debug] [2022-06-10T14:29:12.970Z] > command requires scopes: ["email","openid","https://www.googleapis.com/auth/cloudplatformprojects.readonly","https://www.googleapis.com/auth/firebase","https://www.googleapis.com/auth/cloud-platform"]
[debug] [2022-06-10T14:29:12.971Z] > authorizing via signed-in user (abdullahzahid321456@gmail.com)
[debug] [2022-06-10T14:29:12.971Z] [iam] checking project music-pass-frontend for permissions ["firebase.projects.get","firebasehosting.sites.update"]
[debug] [2022-06-10T14:29:12.972Z] > refreshing access token with scopes: []
[debug] [2022-06-10T14:29:12.973Z] >>> HTTP REQUEST POST https://www.googleapis.com/oauth2/v3/token  
 <request body omitted>
[debug] [2022-06-10T14:29:13.904Z] <<< HTTP RESPONSE 200 {"cache-control":"no-cache, no-store, max-age=0, must-revalidate","pragma":"no-cache","date":"Fri, 10 Jun 2022 14:29:14 GMT","expires":"Mon, 01 Jan 1990 00:00:00 GMT","content-type":"application/json; charset=utf-8","vary":"X-Origin, Referer, Origin,Accept-Encoding","server":"scaffolding on HTTPServer2","x-xss-protection":"0","x-frame-options":"SAMEORIGIN","x-content-type-options":"nosniff","alt-svc":"h3=\":443\"; ma=2592000,h3-29=\":443\"; ma=2592000,h3-Q050=\":443\"; ma=2592000,h3-Q046=\":443\"; ma=2592000,h3-Q043=\":443\"; ma=2592000,quic=\":443\"; ma=2592000; v=\"46,43\"","accept-ranges":"none","transfer-encoding":"chunked"}
[debug] [2022-06-10T14:29:13.925Z] >>> [apiv2][query] POST https://cloudresourcemanager.googleapis.com/v1/projects/music-pass-frontend:testIamPermissions [none]
[debug] [2022-06-10T14:29:13.926Z] >>> [apiv2][body] POST https://cloudresourcemanager.googleapis.com/v1/projects/music-pass-frontend:testIamPermissions {"permissions":["firebase.projects.get","firebasehosting.sites.update"]}
[debug] [2022-06-10T14:29:15.459Z] <<< [apiv2][status] POST https://cloudresourcemanager.googleapis.com/v1/projects/music-pass-frontend:testIamPermissions 200
[debug] [2022-06-10T14:29:15.459Z] <<< [apiv2][body] POST https://cloudresourcemanager.googleapis.com/v1/projects/music-pass-frontend:testIamPermissions {}
[debug] [2022-06-10T14:29:15.460Z] [iam] error while checking permissions, command may fail: FirebaseError: Authorization failed. This account is missing the following required permissions on project music-pass-frontend:

  firebase.projects.get
  firebasehosting.sites.update
[debug] [2022-06-10T14:29:15.461Z] >>> [apiv2][query] GET https://firebase.googleapis.com/v1beta1/projects/music-pass-frontend [none]
[debug] [2022-06-10T14:29:16.085Z] <<< [apiv2][status] GET https://firebase.googleapis.com/v1beta1/projects/music-pass-frontend 403
[debug] [2022-06-10T14:29:16.086Z] <<< [apiv2][body] GET https://firebase.googleapis.com/v1beta1/projects/music-pass-frontend {"error":{"code":403,"message":"The caller does not have permission","status":"PERMISSION_DENIED"}}
[debug] [2022-06-10T14:29:16.087Z] HTTP Error: 403, The caller does not have permission
[debug] [2022-06-10T14:29:16.504Z] FirebaseError: HTTP Error: 403, The caller does not have permission
    at module.exports (C:\Users\USER\AppData\Roaming\npm\node_modules\firebase-tools\lib\responseToError.js:47:12)
    at RetryOperation._fn (C:\Users\USER\AppData\Roaming\npm\node_modules\firebase-tools\lib\apiv2.js:286:39)
    at processTicksAndRejections (node:internal/process/task_queues:96:5)
[error] 
[error] Error: Failed to get Firebase project music-pass-frontend. Please make sure the project exists and your account has permission to access it.
